<?xml version="1.0" encoding="UTF-8"?>
<testng-results ignored="0" total="4" passed="3" failed="1" skipped="0">
  <reporter-output>
  </reporter-output>
  <suite started-at="2021-10-08T11:15:38 IST" name="Default suite" finished-at="2021-10-08T11:16:24 IST" duration-ms="46065">
    <groups>
    </groups>
    <test started-at="2021-10-08T11:15:38 IST" name="Default test" finished-at="2021-10-08T11:16:24 IST" duration-ms="46065">
      <class name="com.flipkart.qa.testcases.HomepageTest">
        <test-method is-config="true" signature="setup()[pri:0, instance:com.flipkart.qa.testcases.HomepageTest@18d87d80]" started-at="2021-10-08T11:15:38 IST" name="setup" finished-at="2021-10-08T11:15:57 IST" duration-ms="18243" status="PASS">
          <reporter-output>
          </reporter-output>
        </test-method> <!-- setup -->
        <test-method signature="electronicschecktest()[pri:0, instance:com.flipkart.qa.testcases.HomepageTest@18d87d80]" started-at="2021-10-08T11:15:57 IST" name="electronicschecktest" finished-at="2021-10-08T11:15:57 IST" duration-ms="9" status="PASS">
          <reporter-output>
          </reporter-output>
        </test-method> <!-- electronicschecktest -->
        <test-method is-config="true" signature="teardown()[pri:0, instance:com.flipkart.qa.testcases.HomepageTest@18d87d80]" started-at="2021-10-08T11:15:57 IST" name="teardown" finished-at="2021-10-08T11:15:58 IST" duration-ms="1053" status="PASS">
          <reporter-output>
          </reporter-output>
        </test-method> <!-- teardown -->
        <test-method is-config="true" signature="setup()[pri:0, instance:com.flipkart.qa.testcases.HomepageTest@18d87d80]" started-at="2021-10-08T11:15:58 IST" name="setup" finished-at="2021-10-08T11:16:05 IST" duration-ms="7537" status="PASS">
          <reporter-output>
          </reporter-output>
        </test-method> <!-- setup -->
        <test-method signature="fashionoptionclicktest()[pri:0, instance:com.flipkart.qa.testcases.HomepageTest@18d87d80]" started-at="2021-10-08T11:16:05 IST" name="fashionoptionclicktest" finished-at="2021-10-08T11:16:05 IST" duration-ms="1" status="PASS">
          <reporter-output>
          </reporter-output>
        </test-method> <!-- fashionoptionclicktest -->
        <test-method is-config="true" signature="teardown()[pri:0, instance:com.flipkart.qa.testcases.HomepageTest@18d87d80]" started-at="2021-10-08T11:16:05 IST" name="teardown" finished-at="2021-10-08T11:16:06 IST" duration-ms="925" status="PASS">
          <reporter-output>
          </reporter-output>
        </test-method> <!-- teardown -->
        <test-method is-config="true" signature="setup()[pri:0, instance:com.flipkart.qa.testcases.HomepageTest@18d87d80]" started-at="2021-10-08T11:16:06 IST" name="setup" finished-at="2021-10-08T11:16:14 IST" duration-ms="7308" status="PASS">
          <reporter-output>
          </reporter-output>
        </test-method> <!-- setup -->
        <test-method signature="flipkarttitletest()[pri:0, instance:com.flipkart.qa.testcases.HomepageTest@18d87d80]" started-at="2021-10-08T11:16:14 IST" name="flipkarttitletest" finished-at="2021-10-08T11:16:14 IST" duration-ms="11" status="FAIL">
          <exception class="java.lang.AssertionError">
            <message>
              <![CDATA[home page title not matched expected [flipkart plus] but found [Online Shopping Site for Mobiles, Electronics, Furniture, Grocery, Lifestyle, Books & More. Best Offers!]]]>
            </message>
            <full-stacktrace>
              <![CDATA[java.lang.AssertionError: home page title not matched expected [flipkart plus] but found [Online Shopping Site for Mobiles, Electronics, Furniture, Grocery, Lifestyle, Books & More. Best Offers!]
at org.testng.Assert.fail(Assert.java:99)
at org.testng.Assert.failNotEquals(Assert.java:1037)
at org.testng.Assert.assertEqualsImpl(Assert.java:140)
at org.testng.Assert.assertEquals(Assert.java:122)
at org.testng.Assert.assertEquals(Assert.java:629)
at com.flipkart.qa.testcases.HomepageTest.flipkarttitletest(HomepageTest.java:30)
at java.base/jdk.internal.reflect.NativeMethodAccessorImpl.invoke0(Native Method)
at java.base/jdk.internal.reflect.NativeMethodAccessorImpl.invoke(NativeMethodAccessorImpl.java:64)
at java.base/jdk.internal.reflect.DelegatingMethodAccessorImpl.invoke(DelegatingMethodAccessorImpl.java:43)
at java.base/java.lang.reflect.Method.invoke(Method.java:564)
at org.testng.internal.MethodInvocationHelper.invokeMethod(MethodInvocationHelper.java:133)
at org.testng.internal.TestInvoker.invokeMethod(TestInvoker.java:598)
at org.testng.internal.TestInvoker.invokeTestMethod(TestInvoker.java:173)
at org.testng.internal.MethodRunner.runInSequence(MethodRunner.java:46)
at org.testng.internal.TestInvoker$MethodInvocationAgent.invoke(TestInvoker.java:824)
at org.testng.internal.TestInvoker.invokeTestMethods(TestInvoker.java:146)
at org.testng.internal.TestMethodWorker.invokeTestMethods(TestMethodWorker.java:146)
at org.testng.internal.TestMethodWorker.run(TestMethodWorker.java:128)
at java.base/java.util.ArrayList.forEach(ArrayList.java:1511)
at org.testng.TestRunner.privateRun(TestRunner.java:794)
at org.testng.TestRunner.run(TestRunner.java:596)
at org.testng.SuiteRunner.runTest(SuiteRunner.java:377)
at org.testng.SuiteRunner.runSequentially(SuiteRunner.java:371)
at org.testng.SuiteRunner.privateRun(SuiteRunner.java:332)
at org.testng.SuiteRunner.run(SuiteRunner.java:276)
at org.testng.SuiteRunnerWorker.runSuite(SuiteRunnerWorker.java:53)
at org.testng.SuiteRunnerWorker.run(SuiteRunnerWorker.java:96)
at org.testng.TestNG.runSuitesSequentially(TestNG.java:1212)
at org.testng.TestNG.runSuitesLocally(TestNG.java:1134)
at org.testng.TestNG.runSuites(TestNG.java:1063)
at org.testng.TestNG.run(TestNG.java:1031)
at org.testng.remote.AbstractRemoteTestNG.run(AbstractRemoteTestNG.java:115)
at org.testng.remote.RemoteTestNG.initAndRun(RemoteTestNG.java:251)
at org.testng.remote.RemoteTestNG.main(RemoteTestNG.java:77)
]]>
            </full-stacktrace>
          </exception> <!-- java.lang.AssertionError -->
          <reporter-output>
          </reporter-output>
        </test-method> <!-- flipkarttitletest -->
        <test-method is-config="true" signature="teardown()[pri:0, instance:com.flipkart.qa.testcases.HomepageTest@18d87d80]" started-at="2021-10-08T11:16:14 IST" name="teardown" finished-at="2021-10-08T11:16:14 IST" duration-ms="604" status="PASS">
          <reporter-output>
          </reporter-output>
        </test-method> <!-- teardown -->
        <test-method is-config="true" signature="setup()[pri:0, instance:com.flipkart.qa.testcases.HomepageTest@18d87d80]" started-at="2021-10-08T11:16:14 IST" name="setup" finished-at="2021-10-08T11:16:24 IST" duration-ms="9670" status="PASS">
          <reporter-output>
          </reporter-output>
        </test-method> <!-- setup -->
        <test-method signature="mobiledisplayingtest()[pri:0, instance:com.flipkart.qa.testcases.HomepageTest@18d87d80]" started-at="2021-10-08T11:16:24 IST" name="mobiledisplayingtest" finished-at="2021-10-08T11:16:24 IST" duration-ms="1" status="PASS">
          <reporter-output>
          </reporter-output>
        </test-method> <!-- mobiledisplayingtest -->
        <test-method is-config="true" signature="teardown()[pri:0, instance:com.flipkart.qa.testcases.HomepageTest@18d87d80]" started-at="2021-10-08T11:16:24 IST" name="teardown" finished-at="2021-10-08T11:16:24 IST" duration-ms="651" status="PASS">
          <reporter-output>
          </reporter-output>
        </test-method> <!-- teardown -->
      </class> <!-- com.flipkart.qa.testcases.HomepageTest -->
    </test> <!-- Default test -->
  </suite> <!-- Default suite -->
</testng-results>
